<?xml version="1.0" encoding="UTF-8"?>
<coverage generated="1782485377603" clover="3.2.0">
  <project timestamp="1782485377603" name="All files">
    <metrics statements="231" coveredstatements="137" conditionals="78" coveredconditionals="33" methods="43" coveredmethods="25" elements="352" coveredelements="195" complexity="0" loc="231" ncloc="231" packages="6" files="12" classes="12"/>
    <package name="__tests__.helpers">
      <metrics statements="4" coveredstatements="4" conditionals="1" coveredconditionals="1" methods="1" coveredmethods="1"/>
      <file name="testApp.js" path="C:\Users\ASUS\Desktop\ZeroGaspi\zerogaspi\backend\__tests__\helpers\testApp.js">
        <metrics statements="4" coveredstatements="4" conditionals="1" coveredconditionals="1" methods="1" coveredmethods="1"/>
        <line num="1" count="3" type="stmt"/>
        <line num="4" count="13" type="stmt"/>
        <line num="10" count="13" type="stmt"/>
        <line num="13" count="3" type="stmt"/>
      </file>
    </package>
    <package name="config">
      <metrics statements="8" coveredstatements="0" conditionals="2" coveredconditionals="0" methods="1" coveredmethods="0"/>
      <file name="database.js" path="C:\Users\ASUS\Desktop\ZeroGaspi\zerogaspi\backend\config\database.js">
        <metrics statements="8" coveredstatements="0" conditionals="2" coveredconditionals="0" methods="1" coveredmethods="0"/>
        <line num="2" count="0" type="stmt"/>
        <line num="3" count="0" type="stmt"/>
        <line num="7" count="0" type="cond" truecount="0" falsecount="2"/>
        <line num="17" count="0" type="stmt"/>
        <line num="20" count="0" type="stmt"/>
        <line num="58" count="0" type="stmt"/>
        <line num="59" count="0" type="stmt"/>
        <line num="62" count="0" type="stmt"/>
      </file>
    </package>
    <package name="controllers">
      <metrics statements="142" coveredstatements="69" conditionals="67" coveredconditionals="26" methods="16" coveredmethods="9"/>
      <file name="adminController.js" path="C:\Users\ASUS\Desktop\ZeroGaspi\zerogaspi\backend\controllers\adminController.js">
        <metrics statements="21" coveredstatements="17" conditionals="2" coveredconditionals="1" methods="4" coveredmethods="4"/>
        <line num="10" count="3" type="stmt"/>
        <line num="11" count="1" type="stmt"/>
        <line num="12" count="1" type="stmt"/>
        <line num="13" count="1" type="stmt"/>
        <line num="14" count="1" type="stmt"/>
        <line num="16" count="0" type="stmt"/>
        <line num="21" count="3" type="stmt"/>
        <line num="22" count="1" type="stmt"/>
        <line num="23" count="1" type="stmt"/>
        <line num="24" count="1" type="stmt"/>
        <line num="26" count="1" type="cond" truecount="1" falsecount="1"/>
        <line num="27" count="0" type="stmt"/>
        <line num="30" count="1" type="stmt"/>
        <line num="31" count="1" type="stmt"/>
        <line num="33" count="0" type="stmt"/>
        <line num="38" count="3" type="stmt"/>
        <line num="39" count="1" type="stmt"/>
        <line num="40" count="1" type="stmt"/>
        <line num="41" count="1" type="stmt"/>
        <line num="48" count="1" type="stmt"/>
        <line num="50" count="0" type="stmt"/>
      </file>
      <file name="authController.js" path="C:\Users\ASUS\Desktop\ZeroGaspi\zerogaspi\backend\controllers\authController.js">
        <metrics statements="40" coveredstatements="28" conditionals="32" coveredconditionals="17" methods="2" coveredmethods="2"/>
        <line num="8" count="3" type="stmt"/>
        <line num="9" count="3" type="stmt"/>
        <line num="13" count="3" type="stmt"/>
        <line num="14" count="2" type="cond" truecount="1" falsecount="0"/>
        <line num="16" count="2" type="cond" truecount="4" falsecount="1"/>
        <line num="17" count="0" type="stmt"/>
        <line num="20" count="2" type="cond" truecount="1" falsecount="1"/>
        <line num="21" count="0" type="stmt"/>
        <line num="24" count="2" type="stmt"/>
        <line num="25" count="2" type="stmt"/>
        <line num="26" count="2" type="stmt"/>
        <line num="28" count="2" type="cond" truecount="2" falsecount="0"/>
        <line num="29" count="1" type="stmt"/>
        <line num="30" count="1" type="cond" truecount="1" falsecount="1"/>
        <line num="32" count="0" type="stmt"/>
        <line num="39" count="0" type="stmt"/>
        <line num="42" count="1" type="stmt"/>
        <line num="43" count="1" type="stmt"/>
        <line num="45" count="0" type="cond" truecount="0" falsecount="4"/>
        <line num="46" count="0" type="stmt"/>
        <line num="48" count="0" type="stmt"/>
        <line num="55" count="3" type="stmt"/>
        <line num="56" count="2" type="stmt"/>
        <line num="58" count="2" type="cond" truecount="3" falsecount="1"/>
        <line num="59" count="0" type="stmt"/>
        <line num="62" count="2" type="stmt"/>
        <line num="63" count="2" type="stmt"/>
        <line num="66" count="2" type="stmt"/>
        <line num="67" count="2" type="stmt"/>
        <line num="69" count="2" type="cond" truecount="1" falsecount="1"/>
        <line num="70" count="0" type="stmt"/>
        <line num="71" count="0" type="stmt"/>
        <line num="74" count="2" type="cond" truecount="1" falsecount="1"/>
        <line num="75" count="0" type="stmt"/>
        <line num="78" count="2" type="stmt"/>
        <line num="79" count="2" type="cond" truecount="2" falsecount="0"/>
        <line num="80" count="1" type="stmt"/>
        <line num="83" count="1" type="stmt"/>
        <line num="89" count="1" type="stmt"/>
        <line num="94" count="0" type="stmt"/>
      </file>
      <file name="basketController.js" path="C:\Users\ASUS\Desktop\ZeroGaspi\zerogaspi\backend\controllers\basketController.js">
        <metrics statements="53" coveredstatements="15" conditionals="27" coveredconditionals="7" methods="6" coveredmethods="2"/>
        <line num="14" count="3" type="stmt"/>
        <line num="15" count="1" type="stmt"/>
        <line num="16" count="1" type="stmt"/>
        <line num="17" count="1" type="stmt"/>
        <line num="18" count="1" type="stmt"/>
        <line num="20" count="0" type="stmt"/>
        <line num="26" count="3" type="stmt"/>
        <line num="27" count="0" type="stmt"/>
        <line num="28" count="0" type="stmt"/>
        <line num="29" count="0" type="stmt"/>
        <line num="30" count="0" type="cond" truecount="0" falsecount="2"/>
        <line num="31" count="0" type="stmt"/>
        <line num="33" count="0" type="stmt"/>
        <line num="35" count="0" type="stmt"/>
        <line num="43" count="3" type="stmt"/>
        <line num="44" count="1" type="stmt"/>
        <line num="45" count="1" type="stmt"/>
        <line num="46" count="1" type="stmt"/>
        <line num="49" count="1" type="cond" truecount="6" falsecount="1"/>
        <line num="50" count="0" type="stmt"/>
        <line num="56" count="1" type="cond" truecount="1" falsecount="1"/>
        <line num="57" count="1" type="stmt"/>
        <line num="62" count="0" type="cond" truecount="0" falsecount="2"/>
        <line num="63" count="0" type="stmt"/>
        <line num="66" count="0" type="stmt"/>
        <line num="76" count="0" type="stmt"/>
        <line num="77" count="0" type="stmt"/>
        <line num="80" count="0" type="cond" truecount="0" falsecount="4"/>
        <line num="81" count="0" type="stmt"/>
        <line num="83" count="0" type="stmt"/>
        <line num="89" count="3" type="stmt"/>
        <line num="90" count="0" type="stmt"/>
        <line num="91" count="0" type="stmt"/>
        <line num="92" count="0" type="stmt"/>
        <line num="94" count="0" type="cond" truecount="0" falsecount="2"/>
        <line num="95" count="0" type="stmt"/>
        <line num="99" count="0" type="stmt"/>
        <line num="100" count="0" type="stmt"/>
        <line num="101" count="0" type="stmt"/>
        <line num="104" count="0" type="cond" truecount="0" falsecount="2"/>
        <line num="105" count="0" type="stmt"/>
        <line num="108" count="0" type="stmt"/>
        <line num="109" count="0" type="stmt"/>
        <line num="111" count="0" type="stmt"/>
        <line num="117" count="3" type="stmt"/>
        <line num="118" count="0" type="stmt"/>
        <line num="119" count="0" type="stmt"/>
        <line num="120" count="0" type="stmt"/>
        <line num="122" count="0" type="cond" truecount="0" falsecount="2"/>
        <line num="123" count="0" type="stmt"/>
        <line num="126" count="0" type="stmt"/>
        <line num="127" count="0" type="stmt"/>
        <line num="129" count="0" type="stmt"/>
      </file>
      <file name="partnerController.js" path="C:\Users\ASUS\Desktop\ZeroGaspi\zerogaspi\backend\controllers\partnerController.js">
        <metrics statements="28" coveredstatements="9" conditionals="6" coveredconditionals="1" methods="4" coveredmethods="1"/>
        <line num="10" count="3" type="stmt"/>
        <line num="11" count="0" type="stmt"/>
        <line num="12" count="0" type="stmt"/>
        <line num="13" count="0" type="stmt"/>
        <line num="15" count="0" type="stmt"/>
        <line num="20" count="3" type="stmt"/>
        <line num="21" count="1" type="stmt"/>
        <line num="22" count="1" type="stmt"/>
        <line num="23" count="1" type="stmt"/>
        <line num="24" count="1" type="cond" truecount="1" falsecount="1"/>
        <line num="26" count="1" type="stmt"/>
        <line num="27" count="1" type="stmt"/>
        <line num="29" count="0" type="stmt"/>
        <line num="34" count="3" type="stmt"/>
        <line num="35" count="0" type="stmt"/>
        <line num="36" count="0" type="stmt"/>
        <line num="37" count="0" type="stmt"/>
        <line num="39" count="0" type="cond" truecount="0" falsecount="2"/>
        <line num="40" count="0" type="stmt"/>
        <line num="43" count="0" type="stmt"/>
        <line num="44" count="0" type="stmt"/>
        <line num="45" count="0" type="stmt"/>
        <line num="48" count="0" type="cond" truecount="0" falsecount="2"/>
        <line num="49" count="0" type="stmt"/>
        <line num="52" count="0" type="stmt"/>
        <line num="53" count="0" type="stmt"/>
        <line num="54" count="0" type="stmt"/>
        <line num="56" count="0" type="stmt"/>
      </file>
    </package>
    <package name="middleware">
      <metrics statements="16" coveredstatements="13" conditionals="8" coveredconditionals="6" methods="3" coveredmethods="3"/>
      <file name="auth.js" path="C:\Users\ASUS\Desktop\ZeroGaspi\zerogaspi\backend\middleware\auth.js">
        <metrics statements="16" coveredstatements="13" conditionals="8" coveredconditionals="6" methods="3" coveredmethods="3"/>
        <line num="1" count="3" type="stmt"/>
        <line num="8" count="3" type="stmt"/>
        <line num="9" count="3" type="stmt"/>
        <line num="10" count="3" type="cond" truecount="3" falsecount="1"/>
        <line num="11" count="0" type="stmt"/>
        <line num="14" count="3" type="stmt"/>
        <line num="15" count="3" type="stmt"/>
        <line num="16" count="3" type="stmt"/>
        <line num="18" count="3" type="stmt"/>
        <line num="19" count="3" type="stmt"/>
        <line num="21" count="0" type="stmt"/>
        <line num="30" count="6" type="stmt"/>
        <line num="31" count="3" type="cond" truecount="3" falsecount="1"/>
        <line num="32" count="0" type="stmt"/>
        <line num="34" count="3" type="stmt"/>
        <line num="37" count="3" type="stmt"/>
      </file>
    </package>
    <package name="models">
      <metrics statements="29" coveredstatements="19" conditionals="0" coveredconditionals="0" methods="22" coveredmethods="12"/>
      <file name="models.js" path="C:\Users\ASUS\Desktop\ZeroGaspi\zerogaspi\backend\models\models.js">
        <metrics statements="29" coveredstatements="19" conditionals="0" coveredconditionals="0" methods="22" coveredmethods="12"/>
        <line num="19" count="3" type="stmt"/>
        <line num="36" count="16" type="stmt"/>
        <line num="40" count="16" type="stmt"/>
        <line num="47" count="16" type="stmt"/>
        <line num="56" count="3" type="stmt"/>
        <line num="65" count="0" type="stmt"/>
        <line num="73" count="2" type="stmt"/>
        <line num="81" count="3" type="stmt"/>
        <line num="89" count="10" type="stmt"/>
        <line num="99" count="0" type="stmt"/>
        <line num="100" count="0" type="stmt"/>
        <line num="117" count="11" type="stmt"/>
        <line num="121" count="11" type="stmt"/>
        <line num="122" count="11" type="stmt"/>
        <line num="131" count="0" type="stmt"/>
        <line num="140" count="3" type="stmt"/>
        <line num="149" count="0" type="stmt"/>
        <line num="150" count="0" type="stmt"/>
        <line num="177" count="9" type="stmt"/>
        <line num="183" count="9" type="stmt"/>
        <line num="188" count="9" type="stmt"/>
        <line num="197" count="1" type="stmt"/>
        <line num="205" count="3" type="stmt"/>
        <line num="220" count="0" type="stmt"/>
        <line num="233" count="0" type="stmt"/>
        <line num="234" count="0" type="stmt"/>
        <line num="243" count="1" type="stmt"/>
        <line num="257" count="0" type="stmt"/>
        <line num="262" count="13" type="stmt"/>
      </file>
    </package>
    <package name="routes">
      <metrics statements="32" coveredstatements="32" conditionals="0" coveredconditionals="0" methods="0" coveredmethods="0"/>
      <file name="admin.js" path="C:\Users\ASUS\Desktop\ZeroGaspi\zerogaspi\backend\routes\admin.js">
        <metrics statements="9" coveredstatements="9" conditionals="0" coveredconditionals="0" methods="0" coveredmethods="0"/>
        <line num="1" count="3" type="stmt"/>
        <line num="2" count="3" type="stmt"/>
        <line num="3" count="3" type="stmt"/>
        <line num="4" count="3" type="stmt"/>
        <line num="7" count="3" type="stmt"/>
        <line num="10" count="3" type="stmt"/>
        <line num="13" count="3" type="stmt"/>
        <line num="16" count="3" type="stmt"/>
        <line num="18" count="3" type="stmt"/>
      </file>
      <file name="auth.js" path="C:\Users\ASUS\Desktop\ZeroGaspi\zerogaspi\backend\routes\auth.js">
        <metrics statements="6" coveredstatements="6" conditionals="0" coveredconditionals="0" methods="0" coveredmethods="0"/>
        <line num="1" count="3" type="stmt"/>
        <line num="2" count="3" type="stmt"/>
        <line num="3" count="3" type="stmt"/>
        <line num="6" count="3" type="stmt"/>
        <line num="9" count="3" type="stmt"/>
        <line num="11" count="3" type="stmt"/>
      </file>
      <file name="baskets.js" path="C:\Users\ASUS\Desktop\ZeroGaspi\zerogaspi\backend\routes\baskets.js">
        <metrics statements="9" coveredstatements="9" conditionals="0" coveredconditionals="0" methods="0" coveredmethods="0"/>
        <line num="1" count="3" type="stmt"/>
        <line num="2" count="3" type="stmt"/>
        <line num="3" count="3" type="stmt"/>
        <line num="6" count="3" type="stmt"/>
        <line num="9" count="3" type="stmt"/>
        <line num="12" count="3" type="stmt"/>
        <line num="15" count="3" type="stmt"/>
        <line num="18" count="3" type="stmt"/>
        <line num="20" count="3" type="stmt"/>
      </file>
      <file name="partners.js" path="C:\Users\ASUS\Desktop\ZeroGaspi\zerogaspi\backend\routes\partners.js">
        <metrics statements="8" coveredstatements="8" conditionals="0" coveredconditionals="0" methods="0" coveredmethods="0"/>
        <line num="1" count="3" type="stmt"/>
        <line num="2" count="3" type="stmt"/>
        <line num="3" count="3" type="stmt"/>
        <line num="4" count="3" type="stmt"/>
        <line num="7" count="3" type="stmt"/>
        <line num="10" count="3" type="stmt"/>
        <line num="13" count="3" type="stmt"/>
        <line num="15" count="3" type="stmt"/>
      </file>
    </package>
  </project>
</coverage>
