TN:
SF:backend\__tests__\helpers\testApp.js
FN:3,createTestApp
FNF:1
FNH:1
FNDA:13,createTestApp
DA:1,3
DA:4,13
DA:10,13
DA:13,3
LF:4
LH:4
BRDA:3,0,0,13
BRF:1
BRH:1
end_of_record
TN:
SF:backend\config\database.js
FN:16,connectDB
FNF:1
FNH:0
FNDA:0,connectDB
DA:2,0
DA:3,0
DA:7,0
DA:17,0
DA:20,0
DA:58,0
DA:59,0
DA:62,0
LF:8
LH:0
BRDA:7,0,0,0
BRDA:7,0,1,0
BRF:2
BRH:0
end_of_record
TN:
SF:backend\controllers\adminController.js
FN:10,(anonymous_0)
FN:13,(anonymous_1)
FN:21,(anonymous_2)
FN:38,(anonymous_3)
FNF:4
FNH:4
FNDA:1,(anonymous_0)
FNDA:1,(anonymous_1)
FNDA:1,(anonymous_2)
FNDA:1,(anonymous_3)
DA:10,3
DA:11,1
DA:12,1
DA:13,1
DA:14,1
DA:16,0
DA:21,3
DA:22,1
DA:23,1
DA:24,1
DA:26,1
DA:27,0
DA:30,1
DA:31,1
DA:33,0
DA:38,3
DA:39,1
DA:40,1
DA:41,1
DA:48,1
DA:50,0
LF:21
LH:17
BRDA:26,0,0,0
BRDA:26,0,1,1
BRF:2
BRH:1
end_of_record
TN:
SF:backend\controllers\authController.js
FN:13,(anonymous_0)
FN:55,(anonymous_1)
FNF:2
FNH:2
FNDA:2,(anonymous_0)
FNDA:2,(anonymous_1)
DA:8,3
DA:9,3
DA:13,3
DA:14,2
DA:16,2
DA:17,0
DA:20,2
DA:21,0
DA:24,2
DA:25,2
DA:26,2
DA:28,2
DA:29,1
DA:30,1
DA:32,0
DA:39,0
DA:42,1
DA:43,1
DA:45,0
DA:46,0
DA:48,0
DA:55,3
DA:56,2
DA:58,2
DA:59,0
DA:62,2
DA:63,2
DA:66,2
DA:67,2
DA:69,2
DA:70,0
DA:71,0
DA:74,2
DA:75,0
DA:78,2
DA:79,2
DA:80,1
DA:83,1
DA:89,1
DA:94,0
LF:40
LH:28
BRDA:14,0,0,1
BRDA:16,1,0,0
BRDA:16,1,1,2
BRDA:16,2,0,2
BRDA:16,2,1,2
BRDA:16,2,2,2
BRDA:20,3,0,0
BRDA:20,3,1,2
BRDA:28,4,0,1
BRDA:28,4,1,1
BRDA:30,5,0,1
BRDA:30,5,1,0
BRDA:36,6,0,0
BRDA:36,6,1,0
BRDA:37,7,0,0
BRDA:37,7,1,0
BRDA:45,8,0,0
BRDA:45,8,1,0
BRDA:45,9,0,0
BRDA:45,9,1,0
BRDA:58,10,0,0
BRDA:58,10,1,2
BRDA:58,11,0,2
BRDA:58,11,1,2
BRDA:69,12,0,0
BRDA:69,12,1,2
BRDA:74,13,0,0
BRDA:74,13,1,2
BRDA:79,14,0,1
BRDA:79,14,1,1
BRDA:85,15,0,1
BRDA:85,15,1,0
BRF:32
BRH:17
end_of_record
TN:
SF:backend\controllers\basketController.js
FN:14,(anonymous_0)
FN:26,(anonymous_1)
FN:43,(anonymous_2)
FN:89,(anonymous_3)
FN:101,(anonymous_4)
FN:117,(anonymous_5)
FNF:6
FNH:2
FNDA:1,(anonymous_0)
FNDA:0,(anonymous_1)
FNDA:1,(anonymous_2)
FNDA:0,(anonymous_3)
FNDA:0,(anonymous_4)
FNDA:0,(anonymous_5)
DA:14,3
DA:15,1
DA:16,1
DA:17,1
DA:18,1
DA:20,0
DA:26,3
DA:27,0
DA:28,0
DA:29,0
DA:30,0
DA:31,0
DA:33,0
DA:35,0
DA:43,3
DA:44,1
DA:45,1
DA:46,1
DA:49,1
DA:50,0
DA:56,1
DA:57,1
DA:62,0
DA:63,0
DA:66,0
DA:76,0
DA:77,0
DA:80,0
DA:81,0
DA:83,0
DA:89,3
DA:90,0
DA:91,0
DA:92,0
DA:94,0
DA:95,0
DA:99,0
DA:100,0
DA:101,0
DA:104,0
DA:105,0
DA:108,0
DA:109,0
DA:111,0
DA:117,3
DA:118,0
DA:119,0
DA:120,0
DA:122,0
DA:123,0
DA:126,0
DA:127,0
DA:129,0
LF:53
LH:15
BRDA:30,0,0,0
BRDA:30,0,1,0
BRDA:49,1,0,0
BRDA:49,1,1,1
BRDA:49,2,0,1
BRDA:49,2,1,1
BRDA:49,2,2,1
BRDA:49,2,3,1
BRDA:49,2,4,1
BRDA:56,3,0,1
BRDA:56,3,1,0
BRDA:62,4,0,0
BRDA:62,4,1,0
BRDA:72,5,0,0
BRDA:72,5,1,0
BRDA:73,6,0,0
BRDA:73,6,1,0
BRDA:80,7,0,0
BRDA:80,7,1,0
BRDA:80,8,0,0
BRDA:80,8,1,0
BRDA:94,9,0,0
BRDA:94,9,1,0
BRDA:104,10,0,0
BRDA:104,10,1,0
BRDA:122,11,0,0
BRDA:122,11,1,0
BRF:27
BRH:7
end_of_record
TN:
SF:backend\controllers\partnerController.js
FN:10,(anonymous_0)
FN:20,(anonymous_1)
FN:34,(anonymous_2)
FN:45,(anonymous_3)
FNF:4
FNH:1
FNDA:0,(anonymous_0)
FNDA:1,(anonymous_1)
FNDA:0,(anonymous_2)
FNDA:0,(anonymous_3)
DA:10,3
DA:11,0
DA:12,0
DA:13,0
DA:15,0
DA:20,3
DA:21,1
DA:22,1
DA:23,1
DA:24,1
DA:26,1
DA:27,1
DA:29,0
DA:34,3
DA:35,0
DA:36,0
DA:37,0
DA:39,0
DA:40,0
DA:43,0
DA:44,0
DA:45,0
DA:48,0
DA:49,0
DA:52,0
DA:53,0
DA:54,0
DA:56,0
LF:28
LH:9
BRDA:24,0,0,0
BRDA:24,0,1,1
BRDA:39,1,0,0
BRDA:39,1,1,0
BRDA:48,2,0,0
BRDA:48,2,1,0
BRF:6
BRH:1
end_of_record
TN:
SF:backend\middleware\auth.js
FN:8,(anonymous_0)
FN:30,(anonymous_1)
FN:30,(anonymous_2)
FNF:3
FNH:3
FNDA:3,(anonymous_0)
FNDA:6,(anonymous_1)
FNDA:3,(anonymous_2)
DA:1,3
DA:8,3
DA:9,3
DA:10,3
DA:11,0
DA:14,3
DA:15,3
DA:16,3
DA:18,3
DA:19,3
DA:21,0
DA:30,6
DA:31,3
DA:32,0
DA:34,3
DA:37,3
LF:16
LH:13
BRDA:10,0,0,0
BRDA:10,0,1,3
BRDA:10,1,0,3
BRDA:10,1,1,3
BRDA:31,2,0,0
BRDA:31,2,1,3
BRDA:31,3,0,3
BRDA:31,3,1,3
BRF:8
BRH:6
end_of_record
TN:
SF:backend\models\models.js
FN:19,createModels
FN:35,(anonymous_1)
FN:55,(anonymous_2)
FN:64,(anonymous_3)
FN:72,(anonymous_4)
FN:80,(anonymous_5)
FN:88,(anonymous_6)
FN:98,(anonymous_7)
FN:99,(anonymous_8)
FN:116,(anonymous_9)
FN:130,(anonymous_10)
FN:139,(anonymous_11)
FN:148,(anonymous_12)
FN:149,(anonymous_13)
FN:176,(anonymous_14)
FN:196,(anonymous_15)
FN:204,(anonymous_16)
FN:219,(anonymous_17)
FN:232,(anonymous_18)
FN:233,(anonymous_19)
FN:242,(anonymous_20)
FN:256,(anonymous_21)
FNF:22
FNH:12
FNDA:13,createModels
FNDA:16,(anonymous_1)
FNDA:3,(anonymous_2)
FNDA:0,(anonymous_3)
FNDA:2,(anonymous_4)
FNDA:3,(anonymous_5)
FNDA:10,(anonymous_6)
FNDA:0,(anonymous_7)
FNDA:0,(anonymous_8)
FNDA:11,(anonymous_9)
FNDA:0,(anonymous_10)
FNDA:3,(anonymous_11)
FNDA:0,(anonymous_12)
FNDA:0,(anonymous_13)
FNDA:9,(anonymous_14)
FNDA:1,(anonymous_15)
FNDA:3,(anonymous_16)
FNDA:0,(anonymous_17)
FNDA:0,(anonymous_18)
FNDA:0,(anonymous_19)
FNDA:1,(anonymous_20)
FNDA:0,(anonymous_21)
DA:19,3
DA:36,16
DA:40,16
DA:47,16
DA:56,3
DA:65,0
DA:73,2
DA:81,3
DA:89,10
DA:99,0
DA:100,0
DA:117,11
DA:121,11
DA:122,11
DA:131,0
DA:140,3
DA:149,0
DA:150,0
DA:177,9
DA:183,9
DA:188,9
DA:197,1
DA:205,3
DA:220,0
DA:233,0
DA:234,0
DA:243,1
DA:257,0
DA:262,13
LF:29
LH:19
BRF:0
BRH:0
end_of_record
TN:
SF:backend\routes\admin.js
FNF:0
FNH:0
DA:1,3
DA:2,3
DA:3,3
DA:4,3
DA:7,3
DA:10,3
DA:13,3
DA:16,3
DA:18,3
LF:9
LH:9
BRF:0
BRH:0
end_of_record
TN:
SF:backend\routes\auth.js
FNF:0
FNH:0
DA:1,3
DA:2,3
DA:3,3
DA:6,3
DA:9,3
DA:11,3
LF:6
LH:6
BRF:0
BRH:0
end_of_record
TN:
SF:backend\routes\baskets.js
FNF:0
FNH:0
DA:1,3
DA:2,3
DA:3,3
DA:6,3
DA:9,3
DA:12,3
DA:15,3
DA:18,3
DA:20,3
LF:9
LH:9
BRF:0
BRH:0
end_of_record
TN:
SF:backend\routes\partners.js
FNF:0
FNH:0
DA:1,3
DA:2,3
DA:3,3
DA:4,3
DA:7,3
DA:10,3
DA:13,3
DA:15,3
LF:8
LH:8
BRF:0
BRH:0
end_of_record
